<?xml version="1.0" encoding="UTF-8"?>
<!-- Generated by org.testng.reporters.JUnitReportReporter -->
<testsuite hostname="CASTLE-QA3" name="Tests.LoginTest" tests="2" failures="0" timestamp="22 Dec 2015 06:03:00 GMT" time="8.945" errors="0">
  <testcase name="logout" time="0.230" classname="Tests.LoginTest"/>
  <testcase name="loginTest" time="8.715" classname="Tests.LoginTest"/>
</testsuite> <!-- Tests.LoginTest -->
