<?xml version="1.0" encoding="UTF-8"?>
<!-- Generated by org.testng.reporters.JUnitReportReporter -->
<testsuite hostname="CASTLE-QA3" name="Tests.LoginTest" tests="2" failures="0" timestamp="21 Dec 2015 13:40:23 GMT" time="6.645" errors="0">
  <testcase name="logout" time="1.563" classname="Tests.LoginTest"/>
  <testcase name="loginTest" time="5.082" classname="Tests.LoginTest"/>
</testsuite> <!-- Tests.LoginTest -->
